<?xml version="1.0" encoding="UTF-8"?>
<!-- Generated by org.testng.reporters.JUnitReportReporter -->
<testsuite skipped="0" hostname="INMUCHLP02113" name="NewTestNG.AssertandVerify" tests="1" failures="0" timestamp="09 Jul 2017 09:59:17 GMT" time="17.975" errors="0">
  <testcase name="Test" time="17.975" classname="NewTestNG.AssertandVerify"/>
</testsuite> <!-- NewTestNG.AssertandVerify -->
