<?xml version="1.0" encoding="UTF-8"?>
<!-- Generated by org.testng.reporters.JUnitReportReporter -->
<testsuite skipped="0" hostname="INMUCHLP02113" name="NewTestNG.NewTest" tests="4" failures="0" timestamp="07 Jul 2017 13:25:54 GMT" time="0.013" errors="0">
  <testcase name="MyHome" time="0.008" classname="NewTestNG.NewTest"/>
  <testcase name="MyConfirmation" time="0.002" classname="NewTestNG.NewTest"/>
  <testcase name="Submit" time="0.001" classname="NewTestNG.NewTest"/>
  <testcase name="f" time="0.002" classname="NewTestNG.NewTest"/>
</testsuite> <!-- NewTestNG.NewTest -->
