<?xml version="1.0" encoding="UTF-8"?>
<!-- Generated by org.testng.reporters.JUnitReportReporter -->
<testsuite skipped="0" hostname="INMUCHLP02113" name="Package2.Pactice" tests="4" failures="0" timestamp="02 Jul 2017 13:08:49 GMT" time="0.019" errors="0">
  <testcase name="MyHome" time="0.014" classname="Package2.Pactice"/>
  <testcase name="MyConfirmation" time="0.002" classname="Package2.Pactice"/>
  <testcase name="Submit" time="0.002" classname="Package2.Pactice"/>
  <testcase name="f" time="0.001" classname="Package2.Pactice"/>
</testsuite> <!-- Package2.Pactice -->
