<?xml version="1.0" encoding="UTF-8"?>
<!-- Generated by org.testng.reporters.JUnitReportReporter -->
<testsuite skipped="0" hostname="INMUCHLP02113" name="NewPackage.NewTest" tests="1" failures="0" timestamp="06 Jul 2017 07:17:13 GMT" time="0.007" errors="0">
  <testcase name="f" time="0.007" classname="NewPackage.NewTest"/>
</testsuite> <!-- NewPackage.NewTest -->
